TN:
SF:/Users/camronnaderi/lighthouse/scheduler/src/components/Application.js
FN:16,Application
FN:27,(anonymous_1)
FNF:2
FNH:0
FNDA:0,Application
FNDA:0,(anonymous_1)
DA:22,0
DA:24,0
DA:26,0
DA:28,0
DA:41,0
LF:5
LH:0
BRF:0
BRH:0
end_of_record
TN:
SF:/Users/camronnaderi/lighthouse/scheduler/src/components/Button.js
FN:7,Button
FNF:1
FNH:1
FNDA:18,Button
DA:8,18
DA:13,18
LF:2
LH:2
BRF:0
BRH:0
end_of_record
TN:
SF:/Users/camronnaderi/lighthouse/scheduler/src/components/DayList.js
FN:5,DayList
FN:6,(anonymous_1)
FNF:2
FNH:0
FNDA:0,DayList
FNDA:0,(anonymous_1)
DA:6,0
DA:7,0
DA:18,0
LF:3
LH:0
BRF:0
BRH:0
end_of_record
TN:
SF:/Users/camronnaderi/lighthouse/scheduler/src/components/DayListItem.js
FN:6,formatSpots
FN:13,DayListItem
FN:22,(anonymous_2)
FNF:3
FNH:0
FNDA:0,formatSpots
FNDA:0,DayListItem
FNDA:0,(anonymous_2)
DA:7,0
DA:8,0
DA:10,0
DA:14,0
DA:19,0
DA:22,0
LF:6
LH:0
BRDA:7,0,0,0
BRDA:7,0,1,0
BRDA:8,1,0,0
BRDA:8,1,1,0
BRF:4
BRH:0
end_of_record
TN:
SF:/Users/camronnaderi/lighthouse/scheduler/src/components/InterviewerList.js
FN:8,InterviewerList
FN:10,(anonymous_1)
FN:18,(anonymous_2)
FNF:3
FNH:2
FNDA:9,InterviewerList
FNDA:9,(anonymous_1)
FNDA:0,(anonymous_2)
DA:10,9
DA:11,9
DA:18,0
DA:23,9
DA:31,2
LF:5
LH:4
BRF:0
BRH:0
end_of_record
TN:
SF:/Users/camronnaderi/lighthouse/scheduler/src/components/InterviewerListItem.js
FN:6,InterviewerItem
FNF:1
FNH:1
FNDA:9,InterviewerItem
DA:7,9
DA:11,9
LF:2
LH:2
BRDA:18,0,0,9
BRDA:18,0,1,3
BRF:2
BRH:2
end_of_record
TN:
SF:/Users/camronnaderi/lighthouse/scheduler/src/components/Appointment/Confirm.js
FN:5,Confirm
FNF:1
FNH:0
FNDA:0,Confirm
DA:6,0
LF:1
LH:0
BRF:0
BRH:0
end_of_record
TN:
SF:/Users/camronnaderi/lighthouse/scheduler/src/components/Appointment/Empty.js
FN:3,Empty
FNF:1
FNH:0
FNDA:0,Empty
DA:4,0
LF:1
LH:0
BRF:0
BRH:0
end_of_record
TN:
SF:/Users/camronnaderi/lighthouse/scheduler/src/components/Appointment/Error.js
FN:3,Error
FNF:1
FNH:0
FNDA:0,Error
DA:4,0
LF:1
LH:0
BRF:0
BRH:0
end_of_record
TN:
SF:/Users/camronnaderi/lighthouse/scheduler/src/components/Appointment/Form.js
FN:6,Form
FN:12,reset
FN:18,cancel
FN:23,validate
FN:41,(anonymous_4)
FN:48,(anonymous_5)
FNF:6
FNH:3
FNDA:10,Form
FNDA:0,reset
FNDA:0,cancel
FNDA:4,validate
FNDA:0,(anonymous_4)
FNDA:1,(anonymous_5)
DA:7,10
DA:8,10
DA:9,10
DA:13,0
DA:14,0
DA:15,0
DA:19,0
DA:20,0
DA:24,4
DA:25,1
DA:26,1
DA:29,3
DA:30,1
DA:31,1
DA:34,2
DA:35,2
DA:38,10
DA:41,0
DA:49,1
LF:19
LH:13
BRDA:7,0,0,10
BRDA:7,0,1,6
BRDA:8,1,0,10
BRDA:8,1,1,6
BRDA:24,2,0,1
BRDA:24,2,1,3
BRDA:29,3,0,1
BRDA:29,3,1,2
BRF:8
BRH:8
end_of_record
TN:
SF:/Users/camronnaderi/lighthouse/scheduler/src/components/Appointment/Header.js
FN:3,Header
FNF:1
FNH:0
FNDA:0,Header
DA:4,0
LF:1
LH:0
BRF:0
BRH:0
end_of_record
TN:
SF:/Users/camronnaderi/lighthouse/scheduler/src/components/Appointment/Show.js
FN:3,Show
FNF:1
FNH:0
FNDA:0,Show
DA:4,0
LF:1
LH:0
BRDA:11,0,0,0
BRDA:11,0,1,0
BRF:2
BRH:0
end_of_record
TN:
SF:/Users/camronnaderi/lighthouse/scheduler/src/components/Appointment/Status.js
FN:3,Status
FNF:1
FNH:0
FNDA:0,Status
DA:4,0
LF:1
LH:0
BRF:0
BRH:0
end_of_record
TN:
SF:/Users/camronnaderi/lighthouse/scheduler/src/components/Appointment/index.js
FN:24,Appointment
FN:27,save
FN:37,(anonymous_2)
FN:38,(anonymous_3)
FN:41,destroy
FN:45,(anonymous_5)
FN:46,(anonymous_6)
FN:54,(anonymous_7)
FN:58,(anonymous_8)
FN:59,(anonymous_9)
FNF:10
FNH:0
FNDA:0,Appointment
FNDA:0,save
FNDA:0,(anonymous_2)
FNDA:0,(anonymous_3)
FNDA:0,destroy
FNDA:0,(anonymous_5)
FNDA:0,(anonymous_6)
FNDA:0,(anonymous_7)
FNDA:0,(anonymous_8)
FNDA:0,(anonymous_9)
DA:14,1
DA:15,1
DA:16,1
DA:17,1
DA:18,1
DA:19,1
DA:20,1
DA:21,1
DA:22,1
DA:25,0
DA:28,0
DA:33,0
DA:35,0
DA:37,0
DA:38,0
DA:42,0
DA:43,0
DA:45,0
DA:46,0
DA:50,0
DA:54,0
DA:58,0
DA:59,0
LF:23
LH:9
BRDA:25,0,0,0
BRDA:25,0,1,0
BRDA:54,1,0,0
BRDA:54,1,1,0
BRDA:55,2,0,0
BRDA:55,2,1,0
BRDA:62,3,0,0
BRDA:62,3,1,0
BRDA:65,4,0,0
BRDA:65,4,1,0
BRDA:74,5,0,0
BRDA:74,5,1,0
BRDA:75,6,0,0
BRDA:75,6,1,0
BRDA:76,7,0,0
BRDA:76,7,1,0
BRDA:83,8,0,0
BRDA:83,8,1,0
BRDA:86,9,0,0
BRDA:86,9,1,0
BRF:20
BRH:0
end_of_record
TN:
SF:/Users/camronnaderi/lighthouse/scheduler/src/helpers/selectors.js
FN:1,getAppointmentsForDay
FN:2,(anonymous_1)
FN:6,(anonymous_2)
FN:9,getInterviewersForDay
FN:10,(anonymous_4)
FN:14,(anonymous_5)
FN:17,getInterview
FNF:7
FNH:7
FNDA:5,getAppointmentsForDay
FNDA:6,(anonymous_1)
FNDA:8,(anonymous_2)
FNDA:5,getInterviewersForDay
FNDA:6,(anonymous_4)
FNDA:6,(anonymous_5)
FNDA:2,getInterview
DA:2,6
DA:4,5
DA:6,8
DA:10,6
DA:12,5
DA:14,6
DA:18,2
LF:7
LH:7
BRDA:4,0,0,2
BRDA:4,0,1,3
BRDA:4,1,0,5
BRDA:4,1,1,4
BRDA:12,2,0,2
BRDA:12,2,1,3
BRDA:12,3,0,5
BRDA:12,3,1,4
BRDA:19,4,0,2
BRDA:19,4,1,1
BRF:10
BRH:10
end_of_record
TN:
SF:/Users/camronnaderi/lighthouse/scheduler/src/hooks/useApplicationData.js
FN:13,useApplicationData
FN:21,(anonymous_1)
FN:23,(anonymous_2)
FN:29,(anonymous_3)
FN:41,bookInterview
FN:42,(anonymous_5)
FN:51,cancelInterview
FN:52,(anonymous_7)
FNF:8
FNH:0
FNDA:0,useApplicationData
FNDA:0,(anonymous_1)
FNDA:0,(anonymous_2)
FNDA:0,(anonymous_3)
FNDA:0,bookInterview
FNDA:0,(anonymous_5)
FNDA:0,cancelInterview
FNDA:0,(anonymous_7)
DA:14,0
DA:21,0
DA:23,0
DA:24,0
DA:30,0
DA:39,0
DA:42,0
DA:43,0
DA:52,0
DA:53,0
DA:61,0
LF:11
LH:0
BRF:0
BRH:0
end_of_record
TN:
SF:/Users/camronnaderi/lighthouse/scheduler/src/hooks/useRealtimeUpdate.js
FN:4,useRealtimeUpdate
FN:5,(anonymous_1)
FN:8,(anonymous_2)
FN:16,(anonymous_3)
FNF:4
FNH:0
FNDA:0,useRealtimeUpdate
FNDA:0,(anonymous_1)
FNDA:0,(anonymous_2)
FNDA:0,(anonymous_3)
DA:5,0
DA:6,0
DA:8,0
DA:9,0
DA:11,0
DA:12,0
DA:16,0
DA:17,0
LF:8
LH:0
BRDA:11,0,0,0
BRDA:11,0,1,0
BRDA:11,1,0,0
BRDA:11,1,1,0
BRF:4
BRH:0
end_of_record
TN:
SF:/Users/camronnaderi/lighthouse/scheduler/src/hooks/useVisualMode.js
FN:3,useVisualMode
FN:6,transition
FN:8,(anonymous_2)
FN:10,(anonymous_3)
FN:15,back
FN:17,(anonymous_5)
FNF:6
FNH:5
FNDA:9,useVisualMode
FNDA:3,transition
FNDA:0,(anonymous_2)
FNDA:3,(anonymous_3)
FNDA:3,back
FNDA:2,(anonymous_5)
DA:4,9
DA:7,3
DA:8,0
DA:10,3
DA:16,3
DA:17,2
DA:22,9
LF:7
LH:6
BRDA:6,0,0,3
BRDA:7,1,0,0
BRDA:7,1,1,3
BRDA:16,2,0,2
BRDA:16,2,1,1
BRF:5
BRH:4
end_of_record
TN:
SF:/Users/camronnaderi/lighthouse/scheduler/src/reducers/application.js
FN:5,reducer
FN:27,(anonymous_1)
FN:30,(anonymous_2)
FN:34,(anonymous_3)
FNF:4
FNH:1
FNDA:1,reducer
FNDA:0,(anonymous_1)
FNDA:0,(anonymous_2)
FNDA:0,(anonymous_3)
DA:1,2
DA:2,2
DA:3,2
DA:6,1
DA:8,0
DA:10,0
DA:17,0
DA:22,0
DA:27,0
DA:28,0
DA:30,0
DA:34,0
DA:35,0
DA:43,0
DA:50,1
LF:15
LH:5
BRDA:6,0,0,0
BRDA:6,0,1,0
BRDA:6,0,2,0
BRDA:6,0,3,1
BRDA:19,1,0,0
BRDA:19,1,1,0
BRDA:30,2,0,0
BRDA:30,2,1,0
BRDA:35,3,0,0
BRDA:35,3,1,0
BRF:10
BRH:1
end_of_record
